SF:lib/core/blocs/userservice/userservice_state.dart
DA:12,8
DA:20,1
DA:27,1
DA:28,1
DA:29,1
DA:30,1
DA:31,1
DA:32,1
DA:35,8
DA:36,8
DA:40,8
DA:41,8
LF:12
LH:12
end_of_record
SF:lib/core/blocs/userservice/userservice_bloc.dart
DA:17,21
DA:20,0
DA:23,0
DA:24,0
DA:25,0
DA:27,0
DA:28,0
DA:30,0
DA:31,0
DA:33,0
DA:34,0
DA:36,0
DA:37,0
DA:43,0
DA:46,0
DA:47,0
DA:52,0
DA:54,0
DA:56,0
DA:62,0
DA:67,0
DA:73,0
DA:74,0
DA:79,0
DA:82,0
DA:85,0
DA:86,0
DA:91,0
DA:93,0
DA:95,0
DA:97,0
DA:98,0
DA:100,0
DA:101,0
DA:102,0
DA:103,0
DA:107,0
DA:113,0
DA:118,0
DA:121,0
DA:124,0
DA:125,0
DA:130,0
DA:131,0
DA:132,0
DA:137,0
DA:139,0
DA:140,0
DA:143,0
DA:144,0
DA:146,0
DA:153,0
DA:159,0
DA:164,0
DA:167,0
DA:170,0
DA:171,0
DA:176,0
DA:181,0
DA:187,0
DA:188,0
DA:193,0
DA:196,0
DA:199,0
DA:200,0
DA:205,0
DA:210,0
DA:212,0
DA:218,0
DA:224,0
DA:225,0
DA:230,0
LF:72
LH:1
end_of_record
SF:lib/core/blocs/userservice/userservice_event.dart
DA:3,32
DA:30,1
DA:31,1
DA:32,1
DA:35,1
DA:36,1
DA:39,1
DA:40,1
DA:43,1
DA:44,1
DA:47,1
DA:48,1
DA:51,1
DA:52,1
DA:55,1
DA:59,1
DA:60,1
DA:61,1
DA:64,1
DA:65,1
DA:68,1
DA:69,1
DA:72,1
DA:73,1
DA:74,1
DA:77,1
DA:78,1
DA:81,1
DA:82,1
DA:85,1
DA:86,1
DA:89,1
DA:90,1
DA:93,1
DA:94,1
LF:35
LH:35
end_of_record
SF:lib/core/model/comment.dart
DA:7,6
DA:12,2
DA:16,2
DA:17,1
DA:18,2
DA:21,1
DA:22,1
DA:23,1
DA:25,6
DA:26,3
DA:27,5
DA:30,0
DA:32,0
DA:33,0
LF:14
LH:11
end_of_record
SF:lib/core/model/post.dart
DA:12,41
DA:21,4
DA:29,4
DA:30,3
DA:31,4
DA:32,3
DA:33,2
DA:34,2
DA:35,4
DA:38,1
DA:39,1
DA:40,1
DA:41,1
DA:42,1
DA:43,1
DA:44,1
DA:46,2
DA:47,1
DA:48,1
DA:49,1
DA:50,1
DA:51,1
DA:52,1
DA:55,0
DA:58,0
DA:59,0
DA:60,0
DA:61,0
DA:63,0
LF:29
LH:23
end_of_record
SF:lib/core/services/user_service.dart
DA:14,0
DA:15,0
DA:18,0
DA:19,0
DA:20,0
DA:21,0
DA:22,0
DA:23,0
DA:24,0
DA:26,0
DA:33,0
DA:34,0
DA:37,0
DA:39,0
DA:40,0
DA:41,0
DA:44,0
DA:46,0
DA:48,0
DA:54,0
DA:57,0
DA:60,0
DA:61,0
DA:63,0
DA:67,0
DA:69,0
DA:73,0
DA:76,0
DA:78,0
DA:83,0
DA:88,0
DA:95,0
DA:98,0
DA:99,0
DA:104,0
DA:105,0
DA:106,0
DA:109,0
DA:111,0
DA:113,0
DA:114,0
DA:115,0
DA:116,0
DA:117,0
DA:125,0
DA:127,0
DA:128,0
DA:129,0
DA:138,0
DA:143,0
DA:145,0
DA:146,0
LF:52
LH:0
end_of_record
SF:lib/core/system/logger.dart
DA:8,3
DA:9,1
DA:10,1
DA:11,1
DA:17,63
DA:18,21
DA:19,21
DA:20,21
DA:30,63
DA:33,3
DA:36,3
DA:39,3
DA:42,3
DA:45,3
DA:48,21
DA:51,21
DA:53,21
DA:55,21
DA:57,21
DA:59,21
DA:61,21
DA:70,20
DA:72,80
LF:23
LH:23
end_of_record
SF:lib/core/model/user.dart
DA:6,34
DA:10,2
DA:12,3
LF:3
LH:3
end_of_record
SF:lib/core/services/auth_service.dart
DA:5,0
DA:7,0
DA:12,0
DA:13,0
DA:15,0
DA:24,0
DA:26,0
DA:35,0
DA:37,0
DA:39,0
LF:10
LH:0
end_of_record
SF:lib/core/utils/fire.dart
DA:4,0
DA:5,0
DA:7,0
DA:9,0
DA:10,0
LF:5
LH:0
end_of_record
SF:lib/core/system/anon.dart
DA:6,60
DA:10,20
DA:11,20
DA:14,20
DA:15,100
LF:5
LH:5
end_of_record
SF:lib/core/utils/test_helpers.dart
DA:22,2
DA:23,0
DA:24,0
DA:28,2
DA:29,0
DA:30,0
DA:34,0
DA:35,0
DA:42,0
DA:44,0
DA:45,0
DA:46,0
DA:52,0
DA:62,12
DA:73,24
DA:74,12
DA:75,2
DA:76,6
DA:77,12
DA:82,14
DA:83,7
DA:84,7
DA:85,14
DA:98,12
DA:106,36
DA:107,0
DA:108,12
DA:109,24
DA:113,2
DA:115,33
DA:119,24
DA:121,36
DA:126,16
DA:130,0
DA:131,0
LF:35
LH:21
end_of_record
SF:lib/view/widgets/anon_widgets.dart
DA:6,38
DA:12,26
LF:2
LH:2
end_of_record
SF:lib/view/screens/pages/home/view_comments.dart
DA:15,2
DA:17,2
DA:18,2
DA:24,2
DA:26,2
DA:27,2
DA:28,4
DA:30,2
DA:31,4
DA:32,0
DA:33,2
DA:34,2
DA:35,2
DA:40,2
DA:41,2
DA:42,0
DA:43,0
DA:44,0
DA:45,0
DA:46,0
DA:53,13
DA:57,0
DA:58,0
DA:59,0
DA:60,0
DA:61,0
DA:63,0
DA:64,0
DA:68,2
DA:69,1
DA:72,2
DA:73,2
DA:74,2
DA:75,2
DA:76,6
DA:77,6
DA:78,2
DA:83,2
DA:84,2
DA:86,2
DA:87,2
DA:88,2
DA:89,2
DA:90,2
DA:92,2
DA:93,4
DA:95,2
LF:47
LH:34
end_of_record
SF:lib/view/widgets/components/appbars.dart
DA:17,3
DA:22,3
DA:24,3
DA:25,3
DA:27,3
DA:28,3
DA:36,3
DA:38,3
DA:42,3
DA:43,3
DA:44,3
DA:45,3
DA:46,3
DA:47,3
DA:48,6
DA:50,1
DA:55,3
DA:56,3
DA:57,3
DA:58,3
DA:59,5
DA:60,3
DA:61,3
DA:70,3
DA:71,4
DA:73,3
DA:74,3
DA:75,3
DA:77,3
DA:83,1
DA:84,1
DA:85,1
DA:86,2
DA:88,1
DA:89,2
DA:91,2
DA:93,1
DA:94,2
DA:104,2
DA:107,2
DA:109,2
DA:111,2
DA:115,2
DA:117,2
DA:120,2
DA:124,2
DA:125,2
DA:133,5
DA:138,5
DA:140,5
DA:142,5
DA:144,5
DA:147,5
DA:148,5
DA:149,5
DA:150,5
DA:154,5
DA:155,0
DA:156,0
DA:157,0
DA:163,5
DA:164,5
LF:62
LH:59
end_of_record
SF:lib/view/widgets/components/comment_field.dart
DA:11,3
DA:15,3
DA:17,3
DA:19,3
DA:20,18
DA:21,3
DA:25,3
DA:26,3
DA:28,3
DA:29,3
DA:30,3
DA:31,6
DA:32,6
DA:33,3
DA:35,3
DA:36,3
DA:38,3
DA:39,3
DA:40,3
DA:41,3
DA:42,3
DA:50,3
DA:51,3
DA:52,3
DA:54,3
DA:55,3
DA:57,3
LF:27
LH:27
end_of_record
SF:lib/view/screens/pages/home/view_post.dart
DA:20,2
DA:21,2
DA:22,2
DA:26,2
DA:28,2
DA:29,0
DA:30,0
DA:31,0
DA:33,2
DA:34,2
DA:35,2
DA:36,2
DA:41,2
DA:42,2
DA:43,4
DA:45,2
DA:46,2
DA:47,2
DA:48,0
DA:49,0
DA:50,0
DA:54,2
DA:59,2
DA:60,2
DA:61,8
DA:62,2
DA:64,1
DA:65,4
DA:71,2
DA:72,2
DA:73,2
DA:74,2
DA:75,2
DA:76,2
DA:77,2
DA:78,2
DA:79,2
DA:80,2
DA:86,2
DA:87,2
DA:89,2
DA:90,6
DA:92,0
DA:97,4
DA:98,6
DA:100,2
LF:46
LH:39
end_of_record
SF:lib/view/widgets/components/bottombars.dart
DA:10,3
DA:15,3
DA:17,3
DA:19,3
DA:20,3
DA:22,3
DA:23,3
DA:25,3
DA:26,3
DA:27,3
DA:33,6
DA:34,10
DA:35,3
LF:13
LH:13
end_of_record
SF:lib/view/widgets/components/opacity_button.dart
DA:54,16
DA:62,16
DA:64,16
DA:65,16
DA:72,36
DA:75,36
DA:77,16
DA:79,16
DA:81,36
DA:84,4
DA:88,9
DA:89,18
DA:90,9
DA:91,27
DA:96,2
DA:99,1
DA:100,2
DA:101,1
DA:102,3
DA:104,0
DA:105,0
DA:109,16
DA:114,32
DA:115,16
DA:116,32
DA:117,32
DA:120,34
LF:27
LH:25
end_of_record
SF:lib/view/widgets/utils/snack_messages.dart
DA:3,0
DA:8,0
DA:9,0
DA:11,0
DA:12,0
DA:14,0
LF:6
LH:0
end_of_record
SF:lib/view/widgets/utils/widget_utils.dart
DA:5,6
DA:14,2
LF:2
LH:2
end_of_record
SF:lib/view/widgets/components/animated_add_button.dart
DA:25,4
DA:33,4
DA:35,4
DA:36,4
DA:54,4
DA:56,4
DA:59,8
DA:61,12
DA:65,8
DA:67,12
DA:68,8
DA:71,8
DA:72,4
DA:73,8
DA:74,8
DA:77,8
DA:79,12
DA:80,8
DA:83,8
DA:84,0
DA:88,4
DA:90,8
DA:91,4
DA:94,4
DA:96,4
DA:97,4
DA:98,8
DA:103,8
DA:104,2
DA:105,4
DA:107,2
DA:108,4
DA:109,6
DA:111,0
DA:112,0
DA:114,4
DA:118,8
DA:121,4
DA:122,4
DA:123,4
DA:124,8
DA:125,8
DA:132,8
DA:133,8
DA:134,4
DA:136,8
LF:46
LH:43
end_of_record
SF:lib/view/widgets/opacity_animator.dart
DA:10,7
DA:15,7
DA:17,7
DA:19,7
DA:20,7
DA:21,14
DA:22,7
DA:23,14
DA:27,7
LF:9
LH:9
end_of_record
SF:lib/core/blocs/auth/auth_state.dart
DA:9,1
DA:15,1
DA:20,1
DA:21,1
DA:22,1
DA:23,1
DA:26,1
DA:27,1
LF:8
LH:8
end_of_record
SF:lib/core/blocs/auth/auth_bloc.dart
DA:16,0
DA:18,0
DA:20,0
DA:22,0
DA:23,0
DA:27,0
DA:29,0
DA:30,0
DA:34,0
DA:37,0
DA:38,0
DA:39,0
DA:41,0
DA:42,0
DA:44,0
DA:45,0
DA:51,0
DA:53,0
DA:54,0
DA:57,0
DA:60,0
DA:65,0
DA:66,0
DA:69,0
DA:71,0
DA:72,0
DA:77,0
DA:80,0
DA:85,0
DA:91,0
DA:97,0
DA:100,0
DA:102,0
DA:103,0
DA:108,0
DA:109,0
DA:114,0
DA:120,0
LF:38
LH:0
end_of_record
SF:lib/core/blocs/auth/auth_event.dart
DA:3,7
DA:22,1
DA:23,1
DA:24,1
DA:27,1
DA:28,1
DA:29,1
DA:32,1
DA:33,1
DA:36,1
DA:37,1
DA:40,1
DA:41,1
DA:44,1
DA:45,1
DA:48,1
DA:49,1
DA:52,1
DA:53,1
DA:56,1
DA:57,1
LF:21
LH:21
end_of_record
SF:lib/view/screens/auth/auth.dart
DA:10,2
DA:12,1
DA:13,1
DA:18,1
DA:20,1
DA:21,2
DA:22,1
DA:26,1
DA:27,1
DA:28,1
DA:29,1
DA:30,0
DA:31,0
DA:32,0
DA:33,0
DA:35,0
DA:36,0
DA:42,1
DA:43,1
DA:44,1
DA:45,1
DA:47,1
DA:49,1
LF:23
LH:17
end_of_record
SF:lib/view/widgets/components/auth_button.dart
DA:13,2
DA:21,2
DA:23,2
DA:25,2
DA:27,2
DA:28,2
DA:32,2
DA:33,2
DA:34,2
DA:35,2
DA:36,2
DA:37,2
DA:38,2
DA:39,2
DA:41,2
DA:42,2
LF:16
LH:16
end_of_record
SF:lib/view/widgets/loading.dart
DA:7,2
DA:9,1
DA:11,1
DA:12,1
LF:4
LH:4
end_of_record
SF:lib/view/screens/pages/home/home.dart
DA:19,4
DA:21,2
DA:22,2
DA:31,2
DA:33,2
DA:34,6
DA:37,0
DA:38,0
DA:39,0
DA:40,0
DA:43,2
DA:45,2
DA:46,2
DA:47,2
DA:48,0
DA:49,2
DA:50,2
DA:51,2
DA:58,2
DA:59,2
DA:60,0
DA:61,0
DA:62,0
DA:63,0
DA:64,2
DA:67,0
DA:68,0
DA:69,0
DA:72,0
DA:75,0
DA:76,0
DA:79,0
DA:80,0
DA:81,0
DA:85,0
DA:86,0
DA:87,0
DA:89,0
DA:90,0
DA:92,0
DA:95,0
DA:96,0
DA:99,0
DA:104,0
DA:105,0
DA:106,0
DA:107,0
DA:110,0
DA:121,2
DA:122,2
DA:123,2
DA:124,6
DA:125,2
DA:126,2
DA:127,2
DA:129,2
LF:56
LH:24
end_of_record
SF:lib/view/widgets/components/create_button.dart
DA:11,4
DA:17,4
DA:19,4
DA:21,4
DA:22,4
DA:23,4
DA:27,4
DA:28,4
DA:33,8
DA:34,4
DA:35,4
DA:38,8
DA:39,4
DA:40,4
DA:41,8
LF:15
LH:15
end_of_record
SF:lib/core/utils/utils.dart
DA:3,0
DA:8,0
DA:9,0
DA:10,0
DA:11,0
DA:12,0
DA:13,0
DA:15,0
DA:17,0
DA:18,0
LF:10
LH:0
end_of_record
SF:lib/view/screens/pages/home/create_post.dart
DA:20,2
DA:21,2
DA:22,2
DA:49,2
DA:51,6
DA:52,6
DA:53,2
DA:56,1
DA:57,3
DA:58,0
DA:59,0
DA:61,0
DA:62,0
DA:63,0
DA:65,0
DA:66,0
DA:67,0
DA:68,0
DA:69,0
DA:72,0
DA:74,0
DA:79,2
DA:81,2
DA:82,2
DA:83,2
DA:84,2
DA:85,2
DA:86,2
DA:88,0
DA:90,2
DA:91,2
DA:93,2
DA:97,4
DA:98,4
DA:100,2
DA:104,4
DA:105,2
DA:106,7
DA:109,2
DA:110,1
DA:111,1
DA:112,1
DA:114,1
DA:115,2
DA:119,1
DA:121,1
DA:123,1
DA:124,1
DA:126,0
DA:134,2
DA:135,2
DA:136,2
DA:138,2
DA:139,2
DA:140,2
DA:141,4
DA:142,0
DA:143,0
DA:146,2
DA:148,2
DA:149,2
DA:150,1
DA:151,1
DA:154,2
DA:156,2
DA:158,2
DA:161,2
DA:162,0
DA:171,2
DA:172,2
LF:70
LH:53
end_of_record
SF:lib/view/widgets/components/chose_color_widget.dart
DA:14,3
DA:19,3
DA:21,3
DA:22,3
DA:29,3
DA:31,3
DA:32,21
DA:35,1
DA:36,2
DA:37,1
DA:38,4
DA:40,3
DA:43,1
DA:44,2
DA:45,1
DA:46,7
DA:48,3
DA:51,3
DA:53,3
DA:54,3
DA:55,3
DA:56,3
DA:57,3
DA:58,3
DA:59,6
DA:60,3
DA:62,13
DA:66,1
DA:67,1
DA:69,1
DA:71,1
DA:73,1
DA:74,2
DA:81,1
DA:82,1
DA:83,1
DA:95,3
DA:96,3
DA:98,3
DA:100,6
DA:101,3
DA:102,6
DA:103,6
DA:104,2
DA:105,3
DA:106,3
DA:107,3
DA:114,3
LF:48
LH:48
end_of_record
SF:lib/view/widgets/components/markdown_editbar.dart
DA:11,3
DA:15,3
DA:17,3
DA:19,3
DA:20,18
DA:21,3
DA:23,3
DA:25,3
DA:26,3
DA:27,3
DA:29,3
DA:37,6
DA:39,3
DA:41,6
DA:42,3
DA:43,6
DA:45,6
DA:48,3
DA:49,3
DA:50,3
DA:51,3
DA:52,3
DA:53,0
DA:55,3
DA:56,3
DA:57,3
DA:58,0
DA:60,3
DA:61,3
DA:62,3
DA:63,0
DA:65,3
DA:66,3
DA:67,3
DA:68,0
DA:70,3
DA:71,3
DA:72,3
DA:73,0
DA:75,3
DA:76,3
DA:77,3
DA:78,0
DA:80,3
DA:81,3
DA:82,3
DA:83,0
DA:85,3
DA:86,3
DA:87,3
DA:88,0
DA:89,0
LF:52
LH:43
end_of_record
SF:lib/view/widgets/components/lazyload_listview.dart
DA:13,1
DA:14,1
DA:15,1
DA:26,1
DA:28,1
DA:29,6
DA:30,2
DA:31,0
DA:32,0
DA:36,0
DA:37,0
DA:38,0
DA:40,0
DA:41,0
DA:42,0
DA:43,0
DA:45,0
DA:46,0
DA:50,1
DA:52,1
DA:55,1
DA:56,1
DA:58,1
DA:59,1
DA:60,1
DA:61,4
DA:63,1
DA:67,2
DA:68,1
DA:69,2
DA:70,0
DA:71,0
DA:72,0
DA:73,0
DA:76,0
DA:77,0
DA:78,0
DA:83,2
DA:85,5
DA:86,0
DA:87,1
DA:90,0
DA:91,0
LF:43
LH:22
end_of_record
SF:lib/view/widgets/utils/route_with_transition.dart
DA:3,1
DA:4,1
DA:5,1
DA:6,1
DA:7,1
DA:8,1
DA:10,2
DA:12,1
DA:13,1
LF:9
LH:9
end_of_record
SF:lib/view/widgets/utils/ext.dart
DA:14,6
DA:15,6
DA:16,18
DA:18,30
DA:21,3
DA:23,3
DA:26,3
DA:29,3
DA:32,3
DA:35,3
LF:10
LH:10
end_of_record
SF:lib/view/widgets/components/post_card.dart
DA:16,3
DA:21,3
DA:23,3
DA:25,3
DA:26,3
DA:27,3
DA:28,3
DA:30,3
DA:31,3
DA:32,3
DA:33,9
DA:34,3
DA:36,3
DA:37,12
DA:38,3
DA:40,12
DA:46,3
DA:47,3
DA:49,3
DA:51,3
DA:52,3
DA:53,3
DA:54,3
DA:55,12
DA:56,6
DA:57,2
DA:58,3
DA:60,3
DA:66,3
DA:67,3
DA:69,3
DA:70,6
DA:72,3
LF:33
LH:33
end_of_record
SF:lib/view/screens/pages/home/me.dart
DA:18,4
DA:20,1
DA:21,1
DA:25,1
DA:27,1
DA:28,1
DA:29,1
DA:30,1
DA:31,1
DA:32,1
DA:33,1
DA:34,1
DA:35,0
DA:36,0
DA:42,1
DA:43,1
DA:44,3
DA:45,1
DA:51,1
DA:52,1
DA:53,1
DA:54,1
DA:55,1
DA:56,1
DA:57,1
DA:58,1
DA:59,1
DA:60,1
DA:61,1
DA:67,1
DA:68,1
DA:70,1
DA:72,1
DA:73,1
DA:75,1
DA:77,1
DA:78,0
DA:79,0
DA:80,0
DA:81,0
DA:83,1
DA:85,1
DA:93,1
DA:94,1
DA:95,1
DA:96,1
DA:97,2
DA:99,0
DA:100,0
DA:101,0
DA:102,0
DA:108,0
DA:109,0
DA:110,0
DA:117,1
DA:121,1
DA:122,1
DA:123,1
DA:125,1
DA:126,1
DA:131,1
DA:132,1
LF:62
LH:49
end_of_record
SF:lib/view/screens/pages/main_page.dart
DA:8,2
DA:10,1
DA:11,1
DA:19,1
DA:21,1
DA:22,3
DA:23,1
DA:27,1
DA:28,1
DA:30,1
DA:31,1
DA:32,1
DA:33,1
DA:35,1
DA:37,1
DA:39,1
DA:45,1
DA:49,1
DA:50,3
LF:19
LH:19
end_of_record
SF:lib/view/screens/pages/splash.dart
DA:6,2
DA:8,1
DA:10,1
DA:11,1
DA:17,1
LF:5
LH:5
end_of_record
