SF:lib/core/model/user.dart
DA:6,14
DA:8,0
DA:12,2
DA:14,3
LF:4
LH:3
end_of_record
SF:lib/core/blocs/auth_state.dart
DA:9,1
DA:15,1
DA:20,1
DA:21,0
DA:22,0
DA:23,0
DA:26,1
DA:27,1
LF:8
LH:5
end_of_record
SF:lib/core/blocs/auth_bloc.dart
DA:15,0
DA:17,0
DA:19,0
DA:20,0
DA:21,0
DA:26,0
DA:29,0
DA:30,0
DA:32,0
DA:33,0
DA:36,0
DA:39,0
DA:44,0
DA:47,0
DA:49,0
DA:55,0
DA:58,0
DA:63,0
DA:69,0
DA:75,0
DA:78,0
DA:80,0
DA:86,0
DA:87,0
DA:92,0
DA:98,0
DA:105,0
DA:107,0
DA:108,0
LF:29
LH:0
end_of_record
SF:lib/core/blocs/auth_event.dart
DA:3,11
DA:20,1
DA:21,1
DA:22,1
DA:25,1
DA:26,1
DA:27,1
DA:30,1
DA:31,1
DA:34,1
DA:35,1
DA:38,1
DA:39,1
DA:42,1
DA:43,1
DA:46,1
DA:47,1
DA:50,1
DA:51,1
DA:54,1
DA:55,1
LF:21
LH:21
end_of_record
SF:lib/core/services/auth_service.dart
DA:5,0
DA:7,0
DA:12,0
DA:13,0
DA:15,0
DA:24,0
DA:26,0
DA:32,0
DA:37,0
LF:9
LH:0
end_of_record
SF:lib/core/system/logger.dart
DA:8,3
DA:9,1
DA:10,1
DA:11,1
DA:17,27
DA:18,9
DA:19,9
DA:20,9
DA:30,27
DA:33,3
DA:36,3
DA:39,3
DA:42,3
DA:45,3
DA:48,9
DA:51,9
DA:53,9
DA:55,9
DA:57,9
DA:59,9
DA:61,9
DA:70,8
DA:72,32
LF:23
LH:23
end_of_record
SF:lib/view/screens/auth/auth.dart
DA:10,2
DA:12,1
DA:13,1
DA:18,1
DA:20,1
DA:21,2
DA:22,1
DA:26,1
DA:27,1
DA:28,1
DA:29,1
DA:30,0
DA:31,0
DA:32,0
DA:33,0
DA:35,0
DA:36,0
DA:42,1
DA:43,1
DA:44,1
DA:45,1
DA:47,1
DA:49,1
LF:23
LH:17
end_of_record
SF:lib/view/widgets/opacity_animator.dart
DA:10,2
DA:15,2
DA:17,2
DA:19,2
DA:20,2
DA:21,4
DA:22,2
DA:23,4
DA:27,2
LF:9
LH:9
end_of_record
SF:lib/core/system/anon.dart
DA:6,24
DA:10,8
DA:11,8
DA:14,8
DA:15,40
LF:5
LH:5
end_of_record
SF:lib/view/widgets/anon_widgets.dart
DA:6,16
DA:12,4
LF:2
LH:2
end_of_record
SF:lib/view/widgets/components/auth_button.dart
DA:13,2
DA:21,2
DA:23,2
DA:25,2
DA:27,2
DA:28,2
DA:32,2
DA:33,2
DA:34,2
DA:35,2
DA:36,2
DA:37,2
DA:38,2
DA:39,2
DA:41,2
DA:42,2
LF:16
LH:16
end_of_record
SF:lib/view/widgets/loading.dart
DA:7,2
DA:9,1
DA:11,1
DA:12,1
LF:4
LH:4
end_of_record
SF:lib/view/widgets/components/opacity_button.dart
DA:54,4
DA:62,4
DA:64,4
DA:65,4
DA:72,8
DA:75,8
DA:77,4
DA:79,4
DA:81,8
DA:84,4
DA:88,2
DA:89,4
DA:90,2
DA:91,6
DA:96,2
DA:99,1
DA:100,2
DA:101,1
DA:102,3
DA:104,0
DA:105,0
DA:109,4
DA:114,8
DA:115,4
DA:116,8
DA:117,8
DA:120,10
LF:27
LH:25
end_of_record
SF:lib/view/screens/pages/main_page.dart
DA:9,2
DA:11,1
DA:13,1
DA:14,1
DA:15,1
DA:16,1
DA:21,1
DA:22,1
DA:23,2
DA:27,1
DA:28,1
DA:29,1
DA:30,1
DA:31,1
DA:32,1
DA:33,0
DA:34,0
LF:17
LH:15
end_of_record
SF:lib/view/widgets/components/appbar_with_logo.dart
DA:8,2
DA:11,2
DA:13,2
DA:15,2
DA:18,2
DA:19,2
DA:21,2
DA:24,2
DA:28,2
DA:29,2
LF:10
LH:10
end_of_record
SF:lib/view/screens/pages/splash.dart
DA:6,2
DA:8,1
DA:10,1
DA:11,1
DA:17,1
LF:5
LH:5
end_of_record
